{"C:\\Users\\zhangyutong\\VscodeProjects\\mailx\\src\\lib\\i18n\\locales\\en.ts": {"path":"C:\\Users\\zhangyutong\\VscodeProjects\\mailx\\src\\lib\\i18n\\locales\\en.ts","statementMap":{},"fnMap":{},"branchMap":{},"s":{},"f":{},"b":{},"meta":{"lastBranch":0,"lastFunction":0,"lastStatement":0,"seen":{}}}
,"C:\\Users\\zhangyutong\\VscodeProjects\\mailx\\src\\lib\\i18n\\locales\\pt.ts": {"path":"C:\\Users\\zhangyutong\\VscodeProjects\\mailx\\src\\lib\\i18n\\locales\\pt.ts","statementMap":{},"fnMap":{},"branchMap":{},"s":{},"f":{},"b":{},"meta":{"lastBranch":0,"lastFunction":0,"lastStatement":0,"seen":{}}}
,"C:\\Users\\zhangyutong\\VscodeProjects\\mailx\\src\\lib\\i18n\\locales\\zh-CN.ts": {"path":"C:\\Users\\zhangyutong\\VscodeProjects\\mailx\\src\\lib\\i18n\\locales\\zh-CN.ts","statementMap":{},"fnMap":{},"branchMap":{},"s":{},"f":{},"b":{},"meta":{"lastBranch":0,"lastFunction":0,"lastStatement":0,"seen":{}}}
,"C:\\Users\\zhangyutong\\VscodeProjects\\mailx\\src\\lib\\stores\\i18nStore.ts": {"path":"C:\\Users\\zhangyutong\\VscodeProjects\\mailx\\src\\lib\\stores\\i18nStore.ts","statementMap":{"0":{"start":{"line":3,"column":33},"end":{"line":14,"column":null}},"1":{"start":{"line":23,"column":20},"end":{"line":23,"column":null}},"2":{"start":{"line":24,"column":21},"end":{"line":24,"column":null}},"3":{"start":{"line":25,"column":50},"end":{"line":25,"column":null}},"4":{"start":{"line":28,"column":2},"end":{"line":28,"column":null}},"5":{"start":{"line":28,"column":37},"end":{"line":28,"column":null}},"6":{"start":{"line":30,"column":22},"end":{"line":30,"column":null}},"7":{"start":{"line":31,"column":21},"end":{"line":31,"column":null}},"8":{"start":{"line":31,"column":49},"end":{"line":31,"column":71}},"9":{"start":{"line":32,"column":2},"end":{"line":32,"column":null}},"10":{"start":{"line":32,"column":18},"end":{"line":32,"column":null}},"11":{"start":{"line":34,"column":21},"end":{"line":34,"column":null}},"12":{"start":{"line":35,"column":22},"end":{"line":35,"column":null}},"13":{"start":{"line":35,"column":50},"end":{"line":35,"column":79}},"14":{"start":{"line":36,"column":2},"end":{"line":36,"column":null}},"15":{"start":{"line":40,"column":2},"end":{"line":40,"column":null}},"16":{"start":{"line":40,"column":17},"end":{"line":40,"column":null}},"17":{"start":{"line":40,"column":59},"end":{"line":40,"column":null}},"18":{"start":{"line":46,"column":2},"end":{"line":62,"column":null}},"19":{"start":{"line":47,"column":4},"end":{"line":47,"column":null}},"20":{"start":{"line":49,"column":4},"end":{"line":61,"column":null}},"21":{"start":{"line":50,"column":30},"end":{"line":50,"column":null}},"22":{"start":{"line":51,"column":24},"end":{"line":56,"column":null}},"23":{"start":{"line":52,"column":22},"end":{"line":55,"column":null}},"24":{"start":{"line":53,"column":10},"end":{"line":53,"column":null}},"25":{"start":{"line":54,"column":10},"end":{"line":54,"column":null}},"26":{"start":{"line":57,"column":6},"end":{"line":57,"column":null}},"27":{"start":{"line":59,"column":6},"end":{"line":59,"column":null}},"28":{"start":{"line":60,"column":6},"end":{"line":60,"column":null}},"29":{"start":{"line":64,"column":23},"end":{"line":64,"column":null}},"30":{"start":{"line":66,"column":2},"end":{"line":68,"column":null}},"31":{"start":{"line":67,"column":4},"end":{"line":67,"column":null}},"32":{"start":{"line":70,"column":2},"end":{"line":73,"column":null}},"33":{"start":{"line":75,"column":2},"end":{"line":75,"column":null}},"34":{"start":{"line":76,"column":2},"end":{"line":76,"column":null}},"35":{"start":{"line":78,"column":2},"end":{"line":78,"column":null}},"36":{"start":{"line":80,"column":2},"end":{"line":82,"column":null}},"37":{"start":{"line":81,"column":4},"end":{"line":81,"column":null}},"38":{"start":{"line":84,"column":2},"end":{"line":84,"column":null}},"39":{"start":{"line":87,"column":25},"end":{"line":131,"column":null}},"40":{"start":{"line":89,"column":4},"end":{"line":89,"column":null}},"41":{"start":{"line":93,"column":4},"end":{"line":93,"column":null}},"42":{"start":{"line":99,"column":4},"end":{"line":102,"column":null}},"43":{"start":{"line":99,"column":37},"end":{"line":99,"column":57}},"44":{"start":{"line":100,"column":6},"end":{"line":100,"column":null}},"45":{"start":{"line":101,"column":6},"end":{"line":101,"column":null}},"46":{"start":{"line":104,"column":4},"end":{"line":104,"column":null}},"47":{"start":{"line":105,"column":4},"end":{"line":105,"column":null}},"48":{"start":{"line":107,"column":4},"end":{"line":115,"column":null}},"49":{"start":{"line":108,"column":30},"end":{"line":108,"column":null}},"50":{"start":{"line":109,"column":6},"end":{"line":112,"column":null}},"51":{"start":{"line":114,"column":6},"end":{"line":114,"column":null}},"52":{"start":{"line":117,"column":4},"end":{"line":119,"column":null}},"53":{"start":{"line":118,"column":6},"end":{"line":118,"column":null}},"54":{"start":{"line":123,"column":4},"end":{"line":125,"column":null}},"55":{"start":{"line":124,"column":6},"end":{"line":124,"column":null}},"56":{"start":{"line":129,"column":4},"end":{"line":129,"column":null}},"57":{"start":{"line":134,"column":2},"end":{"line":136,"column":null}},"58":{"start":{"line":135,"column":4},"end":{"line":135,"column":null}},"59":{"start":{"line":137,"column":2},"end":{"line":137,"column":null}},"60":{"start":{"line":140,"column":0},"end":{"line":140,"column":null}}},"fnMap":{"0":{"name":"detectSystemLocale","decl":{"start":{"line":27,"column":9},"end":{"line":27,"column":47}},"loc":{"start":{"line":27,"column":47},"end":{"line":37,"column":null}},"line":27},"1":{"name":"(anonymous_1)","decl":{"start":{"line":31,"column":44},"end":{"line":31,"column":49}},"loc":{"start":{"line":31,"column":49},"end":{"line":31,"column":71}},"line":31},"2":{"name":"(anonymous_2)","decl":{"start":{"line":35,"column":45},"end":{"line":35,"column":50}},"loc":{"start":{"line":35,"column":50},"end":{"line":35,"column":79}},"line":35},"3":{"name":"registerLocale","decl":{"start":{"line":39,"column":9},"end":{"line":39,"column":24}},"loc":{"start":{"line":39,"column":47},"end":{"line":41,"column":null}},"line":39},"4":{"name":"(anonymous_4)","decl":{"start":{"line":40,"column":17},"end":{"line":40,"column":23}},"loc":{"start":{"line":40,"column":17},"end":{"line":40,"column":null}},"line":40},"5":{"name":"(anonymous_5)","decl":{"start":{"line":40,"column":59},"end":{"line":40,"column":null}},"loc":{"start":{"line":40,"column":59},"end":{"line":40,"column":null}},"line":40},"6":{"name":"initializeI18n","decl":{"start":{"line":43,"column":15},"end":{"line":43,"column":30}},"loc":{"start":{"line":43,"column":85},"end":{"line":85,"column":null}},"line":43},"7":{"name":"(anonymous_7)","decl":{"start":{"line":51,"column":47},"end":{"line":51,"column":48}},"loc":{"start":{"line":51,"column":60},"end":{"line":56,"column":7}},"line":51},"8":{"name":"(anonymous_8)","decl":{"start":{"line":52,"column":44},"end":{"line":52,"column":45}},"loc":{"start":{"line":52,"column":56},"end":{"line":55,"column":9}},"line":52},"9":{"name":"(anonymous_9)","decl":{"start":{"line":88,"column":6},"end":{"line":88,"column":33}},"loc":{"start":{"line":88,"column":33},"end":{"line":90,"column":null}},"line":88},"10":{"name":"(anonymous_10)","decl":{"start":{"line":92,"column":6},"end":{"line":92,"column":25}},"loc":{"start":{"line":92,"column":25},"end":{"line":94,"column":null}},"line":92},"11":{"name":"(anonymous_11)","decl":{"start":{"line":98,"column":8},"end":{"line":98,"column":18}},"loc":{"start":{"line":98,"column":46},"end":{"line":120,"column":null}},"line":98},"12":{"name":"(anonymous_12)","decl":{"start":{"line":99,"column":32},"end":{"line":99,"column":37}},"loc":{"start":{"line":99,"column":37},"end":{"line":99,"column":57}},"line":99},"13":{"name":"(anonymous_13)","decl":{"start":{"line":122,"column":8},"end":{"line":122,"column":38}},"loc":{"start":{"line":122,"column":38},"end":{"line":126,"column":null}},"line":122},"14":{"name":"(anonymous_14)","decl":{"start":{"line":128,"column":8},"end":{"line":128,"column":19}},"loc":{"start":{"line":128,"column":61},"end":{"line":130,"column":null}},"line":128},"15":{"name":"ensureInitialized","decl":{"start":{"line":133,"column":16},"end":{"line":133,"column":51}},"loc":{"start":{"line":133,"column":51},"end":{"line":138,"column":null}},"line":133}},"branchMap":{"0":{"loc":{"start":{"line":28,"column":2},"end":{"line":28,"column":null}},"type":"if","locations":[{"start":{"line":28,"column":2},"end":{"line":28,"column":null}},{"start":{},"end":{}}],"line":28},"1":{"loc":{"start":{"line":32,"column":2},"end":{"line":32,"column":null}},"type":"if","locations":[{"start":{"line":32,"column":2},"end":{"line":32,"column":null}},{"start":{},"end":{}}],"line":32},"2":{"loc":{"start":{"line":36,"column":9},"end":{"line":36,"column":null}},"type":"binary-expr","locations":[{"start":{"line":36,"column":9},"end":{"line":36,"column":30}},{"start":{"line":36,"column":30},"end":{"line":36,"column":null}}],"line":36},"3":{"loc":{"start":{"line":46,"column":2},"end":{"line":62,"column":null}},"type":"if","locations":[{"start":{"line":46,"column":2},"end":{"line":62,"column":null}},{"start":{"line":48,"column":9},"end":{"line":62,"column":null}}],"line":46},"4":{"loc":{"start":{"line":64,"column":23},"end":{"line":64,"column":null}},"type":"cond-expr","locations":[{"start":{"line":64,"column":42},"end":{"line":64,"column":65}},{"start":{"line":64,"column":65},"end":{"line":64,"column":null}}],"line":64},"5":{"loc":{"start":{"line":80,"column":2},"end":{"line":82,"column":null}},"type":"if","locations":[{"start":{"line":80,"column":2},"end":{"line":82,"column":null}},{"start":{},"end":{}}],"line":80},"6":{"loc":{"start":{"line":99,"column":4},"end":{"line":102,"column":null}},"type":"if","locations":[{"start":{"line":99,"column":4},"end":{"line":102,"column":null}},{"start":{},"end":{}}],"line":99},"7":{"loc":{"start":{"line":117,"column":4},"end":{"line":119,"column":null}},"type":"if","locations":[{"start":{"line":117,"column":4},"end":{"line":119,"column":null}},{"start":{},"end":{}}],"line":117},"8":{"loc":{"start":{"line":123,"column":4},"end":{"line":125,"column":null}},"type":"if","locations":[{"start":{"line":123,"column":4},"end":{"line":125,"column":null}},{"start":{},"end":{}}],"line":123},"9":{"loc":{"start":{"line":134,"column":2},"end":{"line":136,"column":null}},"type":"if","locations":[{"start":{"line":134,"column":2},"end":{"line":136,"column":null}},{"start":{},"end":{}}],"line":134}},"s":{"0":2,"1":2,"2":2,"3":2,"4":6,"5":1,"6":5,"7":5,"8":42,"9":5,"10":1,"11":4,"12":4,"13":13,"14":4,"15":30,"16":23,"17":2,"18":3,"19":1,"20":2,"21":2,"22":2,"23":2,"24":2,"25":2,"26":2,"27":0,"28":0,"29":3,"30":3,"31":30,"32":3,"33":3,"34":3,"35":3,"36":3,"37":3,"38":3,"39":2,"40":18,"41":1,"42":26,"43":156,"44":3,"45":3,"46":23,"47":23,"48":23,"49":23,"50":23,"51":2,"52":23,"53":23,"54":4,"55":4,"56":1,"57":2,"58":2,"59":2,"60":2},"f":{"0":6,"1":42,"2":13,"3":30,"4":23,"5":23,"6":3,"7":2,"8":2,"9":18,"10":1,"11":26,"12":156,"13":4,"14":1,"15":2},"b":{"0":[1,5],"1":[1,4],"2":[4,1],"3":[1,2],"4":[3,0],"5":[3,0],"6":[3,23],"7":[23,0],"8":[4,0],"9":[2,0]},"meta":{"lastBranch":10,"lastFunction":16,"lastStatement":61,"seen":{"s:3:33:14:Infinity":0,"s:23:20:23:Infinity":1,"s:24:21:24:Infinity":2,"s:25:50:25:Infinity":3,"f:27:9:27:47":0,"b:28:2:28:Infinity:undefined:undefined:undefined:undefined":0,"s:28:2:28:Infinity":4,"s:28:37:28:Infinity":5,"s:30:22:30:Infinity":6,"s:31:21:31:Infinity":7,"f:31:44:31:49":1,"s:31:49:31:71":8,"b:32:2:32:Infinity:undefined:undefined:undefined:undefined":1,"s:32:2:32:Infinity":9,"s:32:18:32:Infinity":10,"s:34:21:34:Infinity":11,"s:35:22:35:Infinity":12,"f:35:45:35:50":2,"s:35:50:35:79":13,"s:36:2:36:Infinity":14,"b:36:9:36:30:36:30:36:Infinity":2,"f:39:9:39:24":3,"s:40:2:40:Infinity":15,"f:40:17:40:23":4,"s:40:17:40:Infinity":16,"f:40:59:40:Infinity":5,"s:40:59:40:Infinity":17,"f:43:15:43:30":6,"b:46:2:62:Infinity:48:9:62:Infinity":3,"s:46:2:62:Infinity":18,"s:47:4:47:Infinity":19,"s:49:4:61:Infinity":20,"s:50:30:50:Infinity":21,"s:51:24:56:Infinity":22,"f:51:47:51:48":7,"s:52:22:55:Infinity":23,"f:52:44:52:45":8,"s:53:10:53:Infinity":24,"s:54:10:54:Infinity":25,"s:57:6:57:Infinity":26,"s:59:6:59:Infinity":27,"s:60:6:60:Infinity":28,"s:64:23:64:Infinity":29,"b:64:42:64:65:64:65:64:Infinity":4,"s:66:2:68:Infinity":30,"s:67:4:67:Infinity":31,"s:70:2:73:Infinity":32,"s:75:2:75:Infinity":33,"s:76:2:76:Infinity":34,"s:78:2:78:Infinity":35,"b:80:2:82:Infinity:undefined:undefined:undefined:undefined":5,"s:80:2:82:Infinity":36,"s:81:4:81:Infinity":37,"s:84:2:84:Infinity":38,"s:87:25:131:Infinity":39,"f:88:6:88:33":9,"s:89:4:89:Infinity":40,"f:92:6:92:25":10,"s:93:4:93:Infinity":41,"f:98:8:98:18":11,"b:99:4:102:Infinity:undefined:undefined:undefined:undefined":6,"s:99:4:102:Infinity":42,"f:99:32:99:37":12,"s:99:37:99:57":43,"s:100:6:100:Infinity":44,"s:101:6:101:Infinity":45,"s:104:4:104:Infinity":46,"s:105:4:105:Infinity":47,"s:107:4:115:Infinity":48,"s:108:30:108:Infinity":49,"s:109:6:112:Infinity":50,"s:114:6:114:Infinity":51,"b:117:4:119:Infinity:undefined:undefined:undefined:undefined":7,"s:117:4:119:Infinity":52,"s:118:6:118:Infinity":53,"f:122:8:122:38":13,"b:123:4:125:Infinity:undefined:undefined:undefined:undefined":8,"s:123:4:125:Infinity":54,"s:124:6:124:Infinity":55,"f:128:8:128:19":14,"s:129:4:129:Infinity":56,"f:133:16:133:51":15,"b:134:2:136:Infinity:undefined:undefined:undefined:undefined":9,"s:134:2:136:Infinity":57,"s:135:4:135:Infinity":58,"s:137:2:137:Infinity":59,"s:140:0:140:Infinity":60}}}
,"C:\\Users\\zhangyutong\\VscodeProjects\\mailx\\src\\lib\\stores\\preferencesStore.ts": {"path":"C:\\Users\\zhangyutong\\VscodeProjects\\mailx\\src\\lib\\stores\\preferencesStore.ts","statementMap":{"0":{"start":{"line":54,"column":20},"end":{"line":54,"column":null}},"1":{"start":{"line":66,"column":4},"end":{"line":99,"column":null}},"2":{"start":{"line":101,"column":65},"end":{"line":104,"column":null}},"3":{"start":{"line":106,"column":52},"end":{"line":138,"column":null}},"4":{"start":{"line":141,"column":16},"end":{"line":141,"column":null}},"5":{"start":{"line":142,"column":20},"end":{"line":144,"column":null}},"6":{"start":{"line":145,"column":23},"end":{"line":147,"column":null}},"7":{"start":{"line":148,"column":18},"end":{"line":150,"column":null}},"8":{"start":{"line":151,"column":17},"end":{"line":153,"column":null}},"9":{"start":{"line":154,"column":18},"end":{"line":156,"column":null}},"10":{"start":{"line":158,"column":1},"end":{"line":179,"column":null}},"11":{"start":{"line":183,"column":1},"end":{"line":185,"column":null}},"12":{"start":{"line":184,"column":2},"end":{"line":184,"column":null}},"13":{"start":{"line":187,"column":1},"end":{"line":192,"column":null}},"14":{"start":{"line":188,"column":17},"end":{"line":188,"column":null}},"15":{"start":{"line":189,"column":2},"end":{"line":189,"column":null}},"16":{"start":{"line":191,"column":2},"end":{"line":191,"column":null}},"17":{"start":{"line":196,"column":1},"end":{"line":198,"column":null}},"18":{"start":{"line":197,"column":2},"end":{"line":197,"column":null}},"19":{"start":{"line":200,"column":16},"end":{"line":200,"column":null}},"20":{"start":{"line":201,"column":14},"end":{"line":201,"column":null}},"21":{"start":{"line":203,"column":1},"end":{"line":203,"column":null}},"22":{"start":{"line":204,"column":1},"end":{"line":204,"column":null}},"23":{"start":{"line":205,"column":1},"end":{"line":205,"column":null}},"24":{"start":{"line":206,"column":1},"end":{"line":206,"column":null}},"25":{"start":{"line":207,"column":1},"end":{"line":207,"column":null}},"26":{"start":{"line":211,"column":17},"end":{"line":211,"column":null}},"27":{"start":{"line":212,"column":7},"end":{"line":212,"column":null}},"28":{"start":{"line":214,"column":1},"end":{"line":220,"column":null}},"29":{"start":{"line":215,"column":2},"end":{"line":215,"column":null}},"30":{"start":{"line":216,"column":2},"end":{"line":219,"column":null}},"31":{"start":{"line":217,"column":3},"end":{"line":217,"column":null}},"32":{"start":{"line":218,"column":3},"end":{"line":218,"column":null}},"33":{"start":{"line":222,"column":1},"end":{"line":252,"column":null}},"34":{"start":{"line":225,"column":3},"end":{"line":225,"column":null}},"35":{"start":{"line":228,"column":3},"end":{"line":228,"column":null}},"36":{"start":{"line":228,"column":29},"end":{"line":228,"column":63}},"37":{"start":{"line":231,"column":3},"end":{"line":239,"column":null}},"38":{"start":{"line":232,"column":4},"end":{"line":238,"column":null}},"39":{"start":{"line":242,"column":3},"end":{"line":247,"column":null}},"40":{"start":{"line":243,"column":4},"end":{"line":246,"column":null}},"41":{"start":{"line":250,"column":3},"end":{"line":250,"column":null}},"42":{"start":{"line":255,"column":27},"end":{"line":255,"column":null}},"43":{"start":{"line":258,"column":26},"end":{"line":258,"column":null}},"44":{"start":{"line":258,"column":57},"end":{"line":258,"column":82}},"45":{"start":{"line":259,"column":1},"end":{"line":261,"column":null}},"46":{"start":{"line":260,"column":2},"end":{"line":260,"column":null}},"47":{"start":{"line":262,"column":1},"end":{"line":262,"column":null}},"48":{"start":{"line":266,"column":1},"end":{"line":268,"column":null}},"49":{"start":{"line":267,"column":2},"end":{"line":267,"column":null}},"50":{"start":{"line":270,"column":15},"end":{"line":270,"column":null}},"51":{"start":{"line":271,"column":13},"end":{"line":271,"column":null}},"52":{"start":{"line":272,"column":17},"end":{"line":272,"column":null}},"53":{"start":{"line":274,"column":1},"end":{"line":276,"column":null}},"54":{"start":{"line":275,"column":2},"end":{"line":275,"column":null}},"55":{"start":{"line":278,"column":1},"end":{"line":280,"column":null}},"56":{"start":{"line":279,"column":2},"end":{"line":279,"column":null}},"57":{"start":{"line":282,"column":1},"end":{"line":282,"column":null}}},"fnMap":{"0":{"name":"mergePreferences","decl":{"start":{"line":140,"column":9},"end":{"line":140,"column":26}},"loc":{"start":{"line":140,"column":57},"end":{"line":180,"column":null}},"line":140},"1":{"name":"loadPreferences","decl":{"start":{"line":182,"column":9},"end":{"line":182,"column":44}},"loc":{"start":{"line":182,"column":44},"end":{"line":193,"column":null}},"line":182},"2":{"name":"applyAppearance","decl":{"start":{"line":195,"column":9},"end":{"line":195,"column":25}},"loc":{"start":{"line":195,"column":61},"end":{"line":208,"column":null}},"line":195},"3":{"name":"createPreferencesStore","decl":{"start":{"line":210,"column":9},"end":{"line":210,"column":34}},"loc":{"start":{"line":210,"column":34},"end":{"line":253,"column":null}},"line":210},"4":{"name":"(anonymous_4)","decl":{"start":{"line":216,"column":18},"end":{"line":216,"column":19}},"loc":{"start":{"line":216,"column":29},"end":{"line":219,"column":3}},"line":216},"5":{"name":"(anonymous_5)","decl":{"start":{"line":224,"column":2},"end":{"line":224,"column":6}},"loc":{"start":{"line":224,"column":30},"end":{"line":226,"column":null}},"line":224},"6":{"name":"(anonymous_6)","decl":{"start":{"line":227,"column":2},"end":{"line":227,"column":9}},"loc":{"start":{"line":227,"column":63},"end":{"line":229,"column":null}},"line":227},"7":{"name":"(anonymous_7)","decl":{"start":{"line":228,"column":16},"end":{"line":228,"column":17}},"loc":{"start":{"line":228,"column":29},"end":{"line":228,"column":63}},"line":228},"8":{"name":"(anonymous_8)","decl":{"start":{"line":230,"column":2},"end":{"line":230,"column":49}},"loc":{"start":{"line":230,"column":97},"end":{"line":240,"column":null}},"line":230},"9":{"name":"(anonymous_9)","decl":{"start":{"line":231,"column":16},"end":{"line":231,"column":17}},"loc":{"start":{"line":232,"column":4},"end":{"line":238,"column":null}},"line":232},"10":{"name":"(anonymous_10)","decl":{"start":{"line":241,"column":2},"end":{"line":241,"column":48}},"loc":{"start":{"line":241,"column":60},"end":{"line":248,"column":null}},"line":241},"11":{"name":"(anonymous_11)","decl":{"start":{"line":242,"column":16},"end":{"line":242,"column":17}},"loc":{"start":{"line":243,"column":4},"end":{"line":246,"column":null}},"line":243},"12":{"name":"(anonymous_12)","decl":{"start":{"line":249,"column":2},"end":{"line":249,"column":13}},"loc":{"start":{"line":249,"column":13},"end":{"line":251,"column":null}},"line":249},"13":{"name":"parseMinutes","decl":{"start":{"line":257,"column":9},"end":{"line":257,"column":22}},"loc":{"start":{"line":257,"column":45},"end":{"line":263,"column":null}},"line":257},"14":{"name":"(anonymous_14)","decl":{"start":{"line":258,"column":47},"end":{"line":258,"column":48}},"loc":{"start":{"line":258,"column":57},"end":{"line":258,"column":82}},"line":258},"15":{"name":"isQuietHoursActive","decl":{"start":{"line":265,"column":16},"end":{"line":265,"column":35}},"loc":{"start":{"line":265,"column":105},"end":{"line":283,"column":null}},"line":265}},"branchMap":{"0":{"loc":{"start":{"line":141,"column":16},"end":{"line":141,"column":null}},"type":"cond-expr","locations":[{"start":{"line":141,"column":59},"end":{"line":141,"column":94}},{"start":{"line":141,"column":94},"end":{"line":141,"column":null}}],"line":141},"1":{"loc":{"start":{"line":141,"column":16},"end":{"line":141,"column":59}},"type":"binary-expr","locations":[{"start":{"line":141,"column":16},"end":{"line":141,"column":43}},{"start":{"line":141,"column":43},"end":{"line":141,"column":59}}],"line":141},"2":{"loc":{"start":{"line":142,"column":20},"end":{"line":144,"column":null}},"type":"cond-expr","locations":[{"start":{"line":143,"column":4},"end":{"line":143,"column":null}},{"start":{"line":144,"column":4},"end":{"line":144,"column":null}}],"line":142},"3":{"loc":{"start":{"line":142,"column":20},"end":{"line":142,"column":null}},"type":"binary-expr","locations":[{"start":{"line":142,"column":20},"end":{"line":142,"column":61}},{"start":{"line":142,"column":61},"end":{"line":142,"column":null}}],"line":142},"4":{"loc":{"start":{"line":145,"column":23},"end":{"line":147,"column":null}},"type":"cond-expr","locations":[{"start":{"line":146,"column":4},"end":{"line":146,"column":null}},{"start":{"line":147,"column":4},"end":{"line":147,"column":null}}],"line":145},"5":{"loc":{"start":{"line":145,"column":23},"end":{"line":145,"column":null}},"type":"binary-expr","locations":[{"start":{"line":145,"column":23},"end":{"line":145,"column":67}},{"start":{"line":145,"column":67},"end":{"line":145,"column":null}}],"line":145},"6":{"loc":{"start":{"line":148,"column":18},"end":{"line":150,"column":null}},"type":"cond-expr","locations":[{"start":{"line":149,"column":4},"end":{"line":149,"column":null}},{"start":{"line":150,"column":4},"end":{"line":150,"column":null}}],"line":148},"7":{"loc":{"start":{"line":148,"column":18},"end":{"line":148,"column":null}},"type":"binary-expr","locations":[{"start":{"line":148,"column":18},"end":{"line":148,"column":57}},{"start":{"line":148,"column":57},"end":{"line":148,"column":null}}],"line":148},"8":{"loc":{"start":{"line":151,"column":17},"end":{"line":153,"column":null}},"type":"cond-expr","locations":[{"start":{"line":152,"column":4},"end":{"line":152,"column":null}},{"start":{"line":153,"column":4},"end":{"line":153,"column":null}}],"line":151},"9":{"loc":{"start":{"line":151,"column":17},"end":{"line":151,"column":null}},"type":"binary-expr","locations":[{"start":{"line":151,"column":17},"end":{"line":151,"column":55}},{"start":{"line":151,"column":55},"end":{"line":151,"column":null}}],"line":151},"10":{"loc":{"start":{"line":154,"column":18},"end":{"line":156,"column":null}},"type":"cond-expr","locations":[{"start":{"line":155,"column":4},"end":{"line":155,"column":null}},{"start":{"line":156,"column":4},"end":{"line":156,"column":null}}],"line":154},"11":{"loc":{"start":{"line":154,"column":18},"end":{"line":154,"column":null}},"type":"binary-expr","locations":[{"start":{"line":154,"column":18},"end":{"line":154,"column":57}},{"start":{"line":154,"column":57},"end":{"line":154,"column":null}}],"line":154},"12":{"loc":{"start":{"line":183,"column":1},"end":{"line":185,"column":null}},"type":"if","locations":[{"start":{"line":183,"column":1},"end":{"line":185,"column":null}},{"start":{},"end":{}}],"line":183},"13":{"loc":{"start":{"line":189,"column":9},"end":{"line":189,"column":null}},"type":"cond-expr","locations":[{"start":{"line":189,"column":18},"end":{"line":189,"column":57}},{"start":{"line":189,"column":57},"end":{"line":189,"column":null}}],"line":189},"14":{"loc":{"start":{"line":196,"column":1},"end":{"line":198,"column":null}},"type":"if","locations":[{"start":{"line":196,"column":1},"end":{"line":198,"column":null}},{"start":{},"end":{}}],"line":196},"15":{"loc":{"start":{"line":200,"column":16},"end":{"line":200,"column":null}},"type":"binary-expr","locations":[{"start":{"line":200,"column":16},"end":{"line":200,"column":69}},{"start":{"line":200,"column":69},"end":{"line":200,"column":null}}],"line":200},"16":{"loc":{"start":{"line":214,"column":1},"end":{"line":220,"column":null}},"type":"if","locations":[{"start":{"line":214,"column":1},"end":{"line":220,"column":null}},{"start":{},"end":{}}],"line":214},"17":{"loc":{"start":{"line":259,"column":1},"end":{"line":261,"column":null}},"type":"if","locations":[{"start":{"line":259,"column":1},"end":{"line":261,"column":null}},{"start":{},"end":{}}],"line":259},"18":{"loc":{"start":{"line":259,"column":5},"end":{"line":259,"column":59}},"type":"binary-expr","locations":[{"start":{"line":259,"column":5},"end":{"line":259,"column":32}},{"start":{"line":259,"column":32},"end":{"line":259,"column":59}}],"line":259},"19":{"loc":{"start":{"line":265,"column":35},"end":{"line":265,"column":78}},"type":"default-arg","locations":[{"start":{"line":265,"column":35},"end":{"line":265,"column":78}}],"line":265},"20":{"loc":{"start":{"line":265,"column":78},"end":{"line":265,"column":105}},"type":"default-arg","locations":[{"start":{"line":265,"column":84},"end":{"line":265,"column":105}}],"line":265},"21":{"loc":{"start":{"line":266,"column":1},"end":{"line":268,"column":null}},"type":"if","locations":[{"start":{"line":266,"column":1},"end":{"line":268,"column":null}},{"start":{},"end":{}}],"line":266},"22":{"loc":{"start":{"line":274,"column":1},"end":{"line":276,"column":null}},"type":"if","locations":[{"start":{"line":274,"column":1},"end":{"line":276,"column":null}},{"start":{},"end":{}}],"line":274},"23":{"loc":{"start":{"line":278,"column":1},"end":{"line":280,"column":null}},"type":"if","locations":[{"start":{"line":278,"column":1},"end":{"line":280,"column":null}},{"start":{},"end":{}}],"line":278},"24":{"loc":{"start":{"line":279,"column":9},"end":{"line":279,"column":null}},"type":"binary-expr","locations":[{"start":{"line":279,"column":9},"end":{"line":279,"column":29}},{"start":{"line":279,"column":29},"end":{"line":279,"column":null}}],"line":279},"25":{"loc":{"start":{"line":282,"column":8},"end":{"line":282,"column":null}},"type":"binary-expr","locations":[{"start":{"line":282,"column":8},"end":{"line":282,"column":28}},{"start":{"line":282,"column":28},"end":{"line":282,"column":null}}],"line":282}},"s":{"0":3,"1":3,"2":3,"3":3,"4":25,"5":25,"6":25,"7":25,"8":25,"9":25,"10":25,"11":3,"12":0,"13":3,"14":3,"15":3,"16":0,"17":9,"18":0,"19":9,"20":9,"21":9,"22":9,"23":9,"24":9,"25":9,"26":3,"27":3,"28":3,"29":3,"30":3,"31":7,"32":7,"33":3,"34":0,"35":0,"36":0,"37":24,"38":24,"39":1,"40":1,"41":0,"42":3,"43":0,"44":0,"45":0,"46":0,"47":0,"48":0,"49":0,"50":0,"51":0,"52":0,"53":0,"54":0,"55":0,"56":0,"57":0},"f":{"0":25,"1":3,"2":9,"3":3,"4":7,"5":0,"6":0,"7":0,"8":24,"9":24,"10":1,"11":1,"12":0,"13":0,"14":0,"15":0},"b":{"0":[25,0],"1":[25,25],"2":[25,0],"3":[25,25],"4":[25,0],"5":[25,25],"6":[25,0],"7":[25,25],"8":[25,0],"9":[25,25],"10":[25,0],"11":[25,25],"12":[0,3],"13":[0,3],"14":[0,9],"15":[9,0],"16":[3,0],"17":[0,0],"18":[0,0],"19":[0],"20":[0],"21":[0,0],"22":[0,0],"23":[0,0],"24":[0,0],"25":[0,0]},"meta":{"lastBranch":26,"lastFunction":16,"lastStatement":58,"seen":{"s:54:20:54:Infinity":0,"s:66:4:99:Infinity":1,"s:101:65:104:Infinity":2,"s:106:52:138:Infinity":3,"f:140:9:140:26":0,"s:141:16:141:Infinity":4,"b:141:59:141:94:141:94:141:Infinity":0,"b:141:16:141:43:141:43:141:59":1,"s:142:20:144:Infinity":5,"b:143:4:143:Infinity:144:4:144:Infinity":2,"b:142:20:142:61:142:61:142:Infinity":3,"s:145:23:147:Infinity":6,"b:146:4:146:Infinity:147:4:147:Infinity":4,"b:145:23:145:67:145:67:145:Infinity":5,"s:148:18:150:Infinity":7,"b:149:4:149:Infinity:150:4:150:Infinity":6,"b:148:18:148:57:148:57:148:Infinity":7,"s:151:17:153:Infinity":8,"b:152:4:152:Infinity:153:4:153:Infinity":8,"b:151:17:151:55:151:55:151:Infinity":9,"s:154:18:156:Infinity":9,"b:155:4:155:Infinity:156:4:156:Infinity":10,"b:154:18:154:57:154:57:154:Infinity":11,"s:158:1:179:Infinity":10,"f:182:9:182:44":1,"b:183:1:185:Infinity:undefined:undefined:undefined:undefined":12,"s:183:1:185:Infinity":11,"s:184:2:184:Infinity":12,"s:187:1:192:Infinity":13,"s:188:17:188:Infinity":14,"s:189:2:189:Infinity":15,"b:189:18:189:57:189:57:189:Infinity":13,"s:191:2:191:Infinity":16,"f:195:9:195:25":2,"b:196:1:198:Infinity:undefined:undefined:undefined:undefined":14,"s:196:1:198:Infinity":17,"s:197:2:197:Infinity":18,"s:200:16:200:Infinity":19,"b:200:16:200:69:200:69:200:Infinity":15,"s:201:14:201:Infinity":20,"s:203:1:203:Infinity":21,"s:204:1:204:Infinity":22,"s:205:1:205:Infinity":23,"s:206:1:206:Infinity":24,"s:207:1:207:Infinity":25,"f:210:9:210:34":3,"s:211:17:211:Infinity":26,"s:212:7:212:Infinity":27,"b:214:1:220:Infinity:undefined:undefined:undefined:undefined":16,"s:214:1:220:Infinity":28,"s:215:2:215:Infinity":29,"s:216:2:219:Infinity":30,"f:216:18:216:19":4,"s:217:3:217:Infinity":31,"s:218:3:218:Infinity":32,"s:222:1:252:Infinity":33,"f:224:2:224:6":5,"s:225:3:225:Infinity":34,"f:227:2:227:9":6,"s:228:3:228:Infinity":35,"f:228:16:228:17":7,"s:228:29:228:63":36,"f:230:2:230:49":8,"s:231:3:239:Infinity":37,"f:231:16:231:17":9,"s:232:4:238:Infinity":38,"f:241:2:241:48":10,"s:242:3:247:Infinity":39,"f:242:16:242:17":11,"s:243:4:246:Infinity":40,"f:249:2:249:13":12,"s:250:3:250:Infinity":41,"s:255:27:255:Infinity":42,"f:257:9:257:22":13,"s:258:26:258:Infinity":43,"f:258:47:258:48":14,"s:258:57:258:82":44,"b:259:1:261:Infinity:undefined:undefined:undefined:undefined":17,"s:259:1:261:Infinity":45,"b:259:5:259:32:259:32:259:59":18,"s:260:2:260:Infinity":46,"s:262:1:262:Infinity":47,"f:265:16:265:35":15,"b:265:35:265:78":19,"b:265:84:265:105":20,"b:266:1:268:Infinity:undefined:undefined:undefined:undefined":21,"s:266:1:268:Infinity":48,"s:267:2:267:Infinity":49,"s:270:15:270:Infinity":50,"s:271:13:271:Infinity":51,"s:272:17:272:Infinity":52,"b:274:1:276:Infinity:undefined:undefined:undefined:undefined":22,"s:274:1:276:Infinity":53,"s:275:2:275:Infinity":54,"b:278:1:280:Infinity:undefined:undefined:undefined:undefined":23,"s:278:1:280:Infinity":55,"s:279:2:279:Infinity":56,"b:279:9:279:29:279:29:279:Infinity":24,"s:282:1:282:Infinity":57,"b:282:8:282:28:282:28:282:Infinity":25}}}
,"C:\\Users\\zhangyutong\\VscodeProjects\\mailx\\tests\\i18n\\helpers.ts": {"path":"C:\\Users\\zhangyutong\\VscodeProjects\\mailx\\tests\\i18n\\helpers.ts","statementMap":{"0":{"start":{"line":3,"column":47},"end":{"line":3,"column":null}},"1":{"start":{"line":6,"column":2},"end":{"line":9,"column":null}},"2":{"start":{"line":13,"column":13},"end":{"line":13,"column":null}},"3":{"start":{"line":14,"column":2},"end":{"line":17,"column":null}},"4":{"start":{"line":15,"column":17},"end":{"line":15,"column":30}},"5":{"start":{"line":16,"column":30},"end":{"line":16,"column":44}},"6":{"start":{"line":21,"column":16},"end":{"line":21,"column":null}},"7":{"start":{"line":23,"column":2},"end":{"line":27,"column":null}},"8":{"start":{"line":24,"column":4},"end":{"line":26,"column":null}},"9":{"start":{"line":25,"column":6},"end":{"line":25,"column":null}},"10":{"start":{"line":29,"column":2},"end":{"line":39,"column":null}},"11":{"start":{"line":30,"column":19},"end":{"line":30,"column":38}},"12":{"start":{"line":31,"column":14},"end":{"line":31,"column":29}},"13":{"start":{"line":32,"column":27},"end":{"line":32,"column":58}},"14":{"start":{"line":33,"column":42},"end":{"line":33,"column":65}},"15":{"start":{"line":34,"column":30},"end":{"line":34,"column":49}},"16":{"start":{"line":36,"column":19},"end":{"line":36,"column":null}},"17":{"start":{"line":37,"column":6},"end":{"line":37,"column":null}},"18":{"start":{"line":43,"column":2},"end":{"line":43,"column":null}},"19":{"start":{"line":43,"column":32},"end":{"line":43,"column":55}}},"fnMap":{"0":{"name":"createMockNavigator","decl":{"start":{"line":5,"column":16},"end":{"line":5,"column":36}},"loc":{"start":{"line":5,"column":74},"end":{"line":10,"column":null}},"line":5},"1":{"name":"createMockDocumentElement","decl":{"start":{"line":12,"column":16},"end":{"line":12,"column":44}},"loc":{"start":{"line":12,"column":44},"end":{"line":18,"column":null}},"line":12},"2":{"name":"(anonymous_2)","decl":{"start":{"line":15,"column":8},"end":{"line":15,"column":15}},"loc":{"start":{"line":15,"column":15},"end":{"line":15,"column":null}},"line":15},"3":{"name":"(anonymous_3)","decl":{"start":{"line":16,"column":8},"end":{"line":16,"column":13}},"loc":{"start":{"line":16,"column":28},"end":{"line":16,"column":null}},"line":16},"4":{"name":"createMockLocalStorage","decl":{"start":{"line":20,"column":16},"end":{"line":20,"column":39}},"loc":{"start":{"line":20,"column":86},"end":{"line":40,"column":null}},"line":20},"5":{"name":"(anonymous_5)","decl":{"start":{"line":24,"column":40},"end":{"line":24,"column":41}},"loc":{"start":{"line":24,"column":58},"end":{"line":26,"column":5}},"line":24},"6":{"name":"(anonymous_6)","decl":{"start":{"line":30,"column":8},"end":{"line":30,"column":17}},"loc":{"start":{"line":30,"column":17},"end":{"line":30,"column":null}},"line":30},"7":{"name":"(anonymous_7)","decl":{"start":{"line":31,"column":4},"end":{"line":31,"column":12}},"loc":{"start":{"line":31,"column":12},"end":{"line":31,"column":null}},"line":31},"8":{"name":"(anonymous_8)","decl":{"start":{"line":32,"column":4},"end":{"line":32,"column":12}},"loc":{"start":{"line":32,"column":25},"end":{"line":32,"column":null}},"line":32},"9":{"name":"(anonymous_9)","decl":{"start":{"line":33,"column":4},"end":{"line":33,"column":12}},"loc":{"start":{"line":33,"column":40},"end":{"line":33,"column":null}},"line":33},"10":{"name":"(anonymous_10)","decl":{"start":{"line":34,"column":4},"end":{"line":34,"column":15}},"loc":{"start":{"line":34,"column":28},"end":{"line":34,"column":null}},"line":34},"11":{"name":"(anonymous_11)","decl":{"start":{"line":35,"column":4},"end":{"line":35,"column":8}},"loc":{"start":{"line":35,"column":23},"end":{"line":38,"column":null}},"line":35},"12":{"name":"waitFor","decl":{"start":{"line":42,"column":16},"end":{"line":42,"column":24}},"loc":{"start":{"line":42,"column":55},"end":{"line":44,"column":null}},"line":42},"13":{"name":"(anonymous_13)","decl":{"start":{"line":43,"column":21},"end":{"line":43,"column":32}},"loc":{"start":{"line":43,"column":32},"end":{"line":43,"column":55}},"line":43}},"branchMap":{"0":{"loc":{"start":{"line":23,"column":2},"end":{"line":27,"column":null}},"type":"if","locations":[{"start":{"line":23,"column":2},"end":{"line":27,"column":null}},{"start":{},"end":{}}],"line":23},"1":{"loc":{"start":{"line":32,"column":34},"end":{"line":32,"column":58}},"type":"binary-expr","locations":[{"start":{"line":32,"column":34},"end":{"line":32,"column":52}},{"start":{"line":32,"column":52},"end":{"line":32,"column":58}}],"line":32},"2":{"loc":{"start":{"line":37,"column":13},"end":{"line":37,"column":null}},"type":"binary-expr","locations":[{"start":{"line":37,"column":13},"end":{"line":37,"column":28}},{"start":{"line":37,"column":28},"end":{"line":37,"column":null}}],"line":37},"3":{"loc":{"start":{"line":42,"column":24},"end":{"line":42,"column":55}},"type":"default-arg","locations":[{"start":{"line":42,"column":37},"end":{"line":42,"column":55}}],"line":42}},"s":{"0":1,"1":0,"2":1,"3":1,"4":10,"5":29,"6":9,"7":9,"8":1,"9":1,"10":9,"11":0,"12":0,"13":0,"14":0,"15":0,"16":0,"17":0,"18":0,"19":0},"f":{"0":0,"1":1,"2":10,"3":29,"4":9,"5":1,"6":0,"7":0,"8":0,"9":0,"10":0,"11":0,"12":0,"13":0},"b":{"0":[1,8],"1":[0,0],"2":[0,0],"3":[0]},"meta":{"lastBranch":4,"lastFunction":14,"lastStatement":20,"seen":{"s:3:47:3:Infinity":0,"f:5:16:5:36":0,"s:6:2:9:Infinity":1,"f:12:16:12:44":1,"s:13:13:13:Infinity":2,"s:14:2:17:Infinity":3,"f:15:8:15:15":2,"s:15:17:15:30":4,"f:16:8:16:13":3,"s:16:30:16:44":5,"f:20:16:20:39":4,"s:21:16:21:Infinity":6,"b:23:2:27:Infinity:undefined:undefined:undefined:undefined":0,"s:23:2:27:Infinity":7,"s:24:4:26:Infinity":8,"f:24:40:24:41":5,"s:25:6:25:Infinity":9,"s:29:2:39:Infinity":10,"f:30:8:30:17":6,"s:30:19:30:38":11,"f:31:4:31:12":7,"s:31:14:31:29":12,"f:32:4:32:12":8,"s:32:27:32:58":13,"b:32:34:32:52:32:52:32:58":1,"f:33:4:33:12":9,"s:33:42:33:65":14,"f:34:4:34:15":10,"s:34:30:34:49":15,"f:35:4:35:8":11,"s:36:19:36:Infinity":16,"s:37:6:37:Infinity":17,"b:37:13:37:28:37:28:37:Infinity":2,"f:42:16:42:24":12,"b:42:37:42:55":3,"s:43:2:43:Infinity":18,"f:43:21:43:32":13,"s:43:32:43:55":19}}}
}
